<?xml version="1.0" encoding="UTF-8"?>
<robot generator="Robot 6.0.2 (Python 3.11.3 on win32)" generated="20230513 21:55:22.254" rpa="false" schemaversion="3">
<suite id="s1" name="Forauth" source="C:\Users\nisch\PycharmProjects\APIAutomation\Test Cases\forauth.robot">
<test id="s1-t1" name="Get_INfo" line="13">
<kw name="Create Session" library="RequestsLibrary">
<arg>mysesh</arg>
<arg>${base_url}</arg>
<doc>Create Session: create a HTTP session to a server</doc>
<msg timestamp="20230513 21:55:22.402" level="INFO">Creating Session using : alias=mysesh, url=http://localhost:8087, headers={},                     cookies={}, auth=None, timeout=None, proxies=None, verify=False,                     debug=0 </msg>
<status status="PASS" starttime="20230513 21:55:22.402" endtime="20230513 21:55:22.403"/>
</kw>
<kw name="Create Dictionary" library="BuiltIn">
<var>${header}</var>
<arg>Accept=application/json</arg>
<arg>Authorization=Bearer eyJhbGciOiJIUzUxMiJ9.eyJzdWIiOiJyQGUuY29tIiwiZXhwIjoxNjc4MjAwNDIyfQ.eFgvm3FcvXvGlVfE3F05mlkGeYme6PXCEb_0UcHyRFAIO64QJxKzlSzGi5sGzZsdWHjHUvM-CWeRd8ZOICRnUA</arg>
<doc>Creates and returns a dictionary based on the given ``items``.</doc>
<msg timestamp="20230513 21:55:22.403" level="INFO">${header} = {'Accept': 'application/json', 'Authorization': 'Bearer eyJhbGciOiJIUzUxMiJ9.eyJzdWIiOiJyQGUuY29tIiwiZXhwIjoxNjc4MjAwNDIyfQ.eFgvm3FcvXvGlVfE3F05mlkGeYme6PXCEb_0UcHyRFAIO64QJxKzlSzGi5sGzZsdWHjHUvM-CWeR...</msg>
<status status="PASS" starttime="20230513 21:55:22.403" endtime="20230513 21:55:22.403"/>
</kw>
<kw name="Get Request" library="RequestsLibrary">
<var>${response}</var>
<arg>mysesh</arg>
<arg>/api/v1/auth</arg>
<arg>headers=${header}</arg>
<doc>*DEPRECATED* Please use `GET On Session` instead.</doc>
<msg timestamp="20230513 21:55:22.403" level="WARN">Keyword 'RequestsLibrary.Get Request' is deprecated. Please use `GET On Session` instead.</msg>
<msg timestamp="20230513 21:55:22.411" level="INFO">GET Request : url=http://localhost:8087/api/v1/auth 
 path_url=/api/v1/auth 
 headers={'User-Agent': 'python-requests/2.30.0', 'Accept-Encoding': 'gzip, deflate', 'Accept': 'application/json', 'Connection': 'keep-alive', 'Authorization': 'Bearer eyJhbGciOiJIUzUxMiJ9.eyJzdWIiOiJyQGUuY29tIiwiZXhwIjoxNjc4MjAwNDIyfQ.eFgvm3FcvXvGlVfE3F05mlkGeYme6PXCEb_0UcHyRFAIO64QJxKzlSzGi5sGzZsdWHjHUvM-CWeRd8ZOICRnUA'} 
 body=None 
 </msg>
<msg timestamp="20230513 21:55:22.412" level="INFO">GET Response : url=http://localhost:8087/api/v1/auth 
 status=200, reason= 
 headers={'Content-Type': 'application/json', 'Transfer-Encoding': 'chunked', 'Date': 'Sat, 13 May 2023 13:55:22 GMT', 'Keep-Alive': 'timeout=60', 'Connection': 'keep-alive'} 
 body={"auth":"Bearer eyJhbGciOiJIUzUxMiJ9.eyJzdWIiOiJyQGUuY29tIiwiZXhwIjoxNjc4MjAwNDIyfQ.eFgvm3FcvXvGlVfE3F05mlkGeYme6PXCEb_0UcHyRFAIO64QJxKzlSzGi5sGzZsdWHjHUvM-CWeRd8ZOICRnUA"} 
 </msg>
<msg timestamp="20230513 21:55:22.412" level="INFO">${response} = &lt;Response [200]&gt;</msg>
<status status="PASS" starttime="20230513 21:55:22.403" endtime="20230513 21:55:22.412"/>
</kw>
<kw name="Log To Console" library="BuiltIn">
<arg>${response.content}</arg>
<doc>Logs the given message to the console.</doc>
<status status="PASS" starttime="20230513 21:55:22.412" endtime="20230513 21:55:22.412"/>
</kw>
<kw name="To Json" library="RequestsLibrary">
<var>${jsonobj}</var>
<arg>${response.content}</arg>
<doc>*DEPRECATED* Please use ${resp.json()} instead. Have a look at the improved HTML output as pretty printing replacement.</doc>
<msg timestamp="20230513 21:55:22.413" level="WARN">Keyword 'RequestsLibrary.To Json' is deprecated. Please use ${resp.json()} instead. Have a look at the improved HTML output as pretty printing replacement.</msg>
<msg timestamp="20230513 21:55:22.414" level="INFO">To JSON using : content={"auth":"Bearer eyJhbGciOiJIUzUxMiJ9.eyJzdWIiOiJyQGUuY29tIiwiZXhwIjoxNjc4MjAwNDIyfQ.eFgvm3FcvXvGlVfE3F05mlkGeYme6PXCEb_0UcHyRFAIO64QJxKzlSzGi5sGzZsdWHjHUvM-CWeRd8ZOICRnUA"} </msg>
<msg timestamp="20230513 21:55:22.414" level="INFO">To JSON using : pretty_print=False </msg>
<msg timestamp="20230513 21:55:22.414" level="INFO">${jsonobj} = {'auth': 'Bearer eyJhbGciOiJIUzUxMiJ9.eyJzdWIiOiJyQGUuY29tIiwiZXhwIjoxNjc4MjAwNDIyfQ.eFgvm3FcvXvGlVfE3F05mlkGeYme6PXCEb_0UcHyRFAIO64QJxKzlSzGi5sGzZsdWHjHUvM-CWeRd8ZOICRnUA'}</msg>
<status status="PASS" starttime="20230513 21:55:22.413" endtime="20230513 21:55:22.414"/>
</kw>
<kw name="Log To Console" library="BuiltIn">
<arg>${jsonobj}</arg>
<doc>Logs the given message to the console.</doc>
<status status="PASS" starttime="20230513 21:55:22.414" endtime="20230513 21:55:22.414"/>
</kw>
<kw name="Get Value From Json" library="JSONLibrary">
<var>${some}</var>
<arg>${jsonobj}</arg>
<arg>$.auth</arg>
<doc>Get Value From JSON using JSONPath</doc>
<msg timestamp="20230513 21:55:22.431" level="INFO">${some} = ['Bearer eyJhbGciOiJIUzUxMiJ9.eyJzdWIiOiJyQGUuY29tIiwiZXhwIjoxNjc4MjAwNDIyfQ.eFgvm3FcvXvGlVfE3F05mlkGeYme6PXCEb_0UcHyRFAIO64QJxKzlSzGi5sGzZsdWHjHUvM-CWeRd8ZOICRnUA']</msg>
<status status="PASS" starttime="20230513 21:55:22.415" endtime="20230513 21:55:22.431"/>
</kw>
<kw name="Log To Console" library="BuiltIn">
<arg>${some[0]}</arg>
<doc>Logs the given message to the console.</doc>
<status status="PASS" starttime="20230513 21:55:22.432" endtime="20230513 21:55:22.433"/>
</kw>
<kw name="Should Be Equal" library="BuiltIn">
<arg>${some[0]}</arg>
<arg>Bearer eyJhbGciOiJIUzUxMiJ9.eyJzdWIiOiJyQGUuY29tIiwiZXhwIjoxNjc4MjAwNDIyfQ.eFgvm3FcvXvGlVfE3F05mlkGeYme6PXCEb_0UcHyRFAIO64QJxKzlSzGi5sGzZsdWHjHUvM-CWeRd8ZOICRnUA</arg>
<doc>Fails if the given objects are unequal.</doc>
<status status="PASS" starttime="20230513 21:55:22.433" endtime="20230513 21:55:22.433"/>
</kw>
<status status="PASS" starttime="20230513 21:55:22.402" endtime="20230513 21:55:22.434"/>
</test>
<status status="PASS" starttime="20230513 21:55:22.255" endtime="20230513 21:55:22.435"/>
</suite>
<statistics>
<total>
<stat pass="1" fail="0" skip="0">All Tests</stat>
</total>
<tag>
</tag>
<suite>
<stat pass="1" fail="0" skip="0" id="s1" name="Forauth">Forauth</stat>
</suite>
</statistics>
<errors>
<msg timestamp="20230513 21:55:22.403" level="WARN">Keyword 'RequestsLibrary.Get Request' is deprecated. Please use `GET On Session` instead.</msg>
<msg timestamp="20230513 21:55:22.413" level="WARN">Keyword 'RequestsLibrary.To Json' is deprecated. Please use ${resp.json()} instead. Have a look at the improved HTML output as pretty printing replacement.</msg>
</errors>
</robot>
